0 info it worked if it ends with ok
1 verbose cli [ 'C:\\Users\\19829\\AppData\\Local\\.meteor\\packages\\meteor-tool\\1.4.3_1\\mt-os.windows.x86_32\\dev_bundle\\bin\\node.exe',
1 verbose cli   'C:\\Users\\19829\\AppData\\Local\\.meteor\\packages\\meteor-tool\\1.4.3_1\\mt-os.windows.x86_32\\dev_bundle\\lib\\node_modules\\npm\\bin\\npm-cli.js',
1 verbose cli   'install',
1 verbose cli   '--save',
1 verbose cli   'b-crypt' ]
2 info using npm@4.1.2
3 info using node@v4.7.3
4 silly loadCurrentTree Starting
5 silly install loadCurrentTree
6 silly install readLocalPackageData
7 silly fetchPackageMetaData b-crypt
8 silly fetchNamedPackageData b-crypt
9 silly mapToRegistry name b-crypt
10 silly mapToRegistry using default registry
11 silly mapToRegistry registry https://registry.npmjs.org/
12 silly mapToRegistry data Result {
12 silly mapToRegistry   raw: 'b-crypt',
12 silly mapToRegistry   scope: null,
12 silly mapToRegistry   escapedName: 'b-crypt',
12 silly mapToRegistry   name: 'b-crypt',
12 silly mapToRegistry   rawSpec: '',
12 silly mapToRegistry   spec: 'latest',
12 silly mapToRegistry   type: 'tag' }
13 silly mapToRegistry uri https://registry.npmjs.org/b-crypt
14 verbose request uri https://registry.npmjs.org/b-crypt
15 verbose request no auth needed
16 info attempt registry request try #1 at 7:04:20 AM
17 verbose request id ba1c4447966733af
18 http request GET https://registry.npmjs.org/b-crypt
19 http 404 https://registry.npmjs.org/b-crypt
20 verbose headers { 'content-type': 'application/json',
20 verbose headers   'cache-control': 'max-age=0',
20 verbose headers   'content-length': '2',
20 verbose headers   'accept-ranges': 'bytes',
20 verbose headers   date: 'Thu, 09 Mar 2017 12:04:20 GMT',
20 verbose headers   via: '1.1 varnish',
20 verbose headers   age: '0',
20 verbose headers   connection: 'keep-alive',
20 verbose headers   'x-served-by': 'cache-ord1743-ORD',
20 verbose headers   'x-cache': 'MISS',
20 verbose headers   'x-cache-hits': '0',
20 verbose headers   'x-timer': 'S1489061060.173960,VS0,VE165',
20 verbose headers   vary: 'Accept-Encoding' }
21 silly get cb [ 404,
21 silly get   { 'content-type': 'application/json',
21 silly get     'cache-control': 'max-age=0',
21 silly get     'content-length': '2',
21 silly get     'accept-ranges': 'bytes',
21 silly get     date: 'Thu, 09 Mar 2017 12:04:20 GMT',
21 silly get     via: '1.1 varnish',
21 silly get     age: '0',
21 silly get     connection: 'keep-alive',
21 silly get     'x-served-by': 'cache-ord1743-ORD',
21 silly get     'x-cache': 'MISS',
21 silly get     'x-cache-hits': '0',
21 silly get     'x-timer': 'S1489061060.173960,VS0,VE165',
21 silly get     vary: 'Accept-Encoding' } ]
22 silly fetchPackageMetaData Error: Registry returned 404 for GET on https://registry.npmjs.org/b-crypt
22 silly fetchPackageMetaData     at makeError (C:\Users\19829\AppData\Local\.meteor\packages\meteor-tool\1.4.3_1\mt-os.windows.x86_32\dev_bundle\lib\node_modules\npm\node_modules\npm-registry-client\lib\request.js:304:12)
22 silly fetchPackageMetaData     at CachingRegistryClient.<anonymous> (C:\Users\19829\AppData\Local\.meteor\packages\meteor-tool\1.4.3_1\mt-os.windows.x86_32\dev_bundle\lib\node_modules\npm\node_modules\npm-registry-client\lib\request.js:282:14)
22 silly fetchPackageMetaData     at Request._callback (C:\Users\19829\AppData\Local\.meteor\packages\meteor-tool\1.4.3_1\mt-os.windows.x86_32\dev_bundle\lib\node_modules\npm\node_modules\npm-registry-client\lib\request.js:212:14)
22 silly fetchPackageMetaData     at Request.self.callback (C:\Users\19829\AppData\Local\.meteor\packages\meteor-tool\1.4.3_1\mt-os.windows.x86_32\dev_bundle\lib\node_modules\npm\node_modules\request\request.js:186:22)
22 silly fetchPackageMetaData     at emitTwo (events.js:87:13)
22 silly fetchPackageMetaData     at Request.emit (events.js:172:7)
22 silly fetchPackageMetaData     at Request.<anonymous> (C:\Users\19829\AppData\Local\.meteor\packages\meteor-tool\1.4.3_1\mt-os.windows.x86_32\dev_bundle\lib\node_modules\npm\node_modules\request\request.js:1081:10)
22 silly fetchPackageMetaData     at emitOne (events.js:77:13)
22 silly fetchPackageMetaData     at Request.emit (events.js:169:7)
22 silly fetchPackageMetaData     at IncomingMessage.<anonymous> (C:\Users\19829\AppData\Local\.meteor\packages\meteor-tool\1.4.3_1\mt-os.windows.x86_32\dev_bundle\lib\node_modules\npm\node_modules\request\request.js:1001:12)
22 silly fetchPackageMetaData  error for b-crypt { [Error: Registry returned 404 for GET on https://registry.npmjs.org/b-crypt] pkgid: 'b-crypt', statusCode: 404, code: 'E404' }
23 silly rollbackFailedOptional Starting
24 silly rollbackFailedOptional Finishing
25 silly runTopLevelLifecycles Finishing
26 silly install printInstalled
27 verbose stack Error: Registry returned 404 for GET on https://registry.npmjs.org/b-crypt
27 verbose stack     at makeError (C:\Users\19829\AppData\Local\.meteor\packages\meteor-tool\1.4.3_1\mt-os.windows.x86_32\dev_bundle\lib\node_modules\npm\node_modules\npm-registry-client\lib\request.js:304:12)
27 verbose stack     at CachingRegistryClient.<anonymous> (C:\Users\19829\AppData\Local\.meteor\packages\meteor-tool\1.4.3_1\mt-os.windows.x86_32\dev_bundle\lib\node_modules\npm\node_modules\npm-registry-client\lib\request.js:282:14)
27 verbose stack     at Request._callback (C:\Users\19829\AppData\Local\.meteor\packages\meteor-tool\1.4.3_1\mt-os.windows.x86_32\dev_bundle\lib\node_modules\npm\node_modules\npm-registry-client\lib\request.js:212:14)
27 verbose stack     at Request.self.callback (C:\Users\19829\AppData\Local\.meteor\packages\meteor-tool\1.4.3_1\mt-os.windows.x86_32\dev_bundle\lib\node_modules\npm\node_modules\request\request.js:186:22)
27 verbose stack     at emitTwo (events.js:87:13)
27 verbose stack     at Request.emit (events.js:172:7)
27 verbose stack     at Request.<anonymous> (C:\Users\19829\AppData\Local\.meteor\packages\meteor-tool\1.4.3_1\mt-os.windows.x86_32\dev_bundle\lib\node_modules\npm\node_modules\request\request.js:1081:10)
27 verbose stack     at emitOne (events.js:77:13)
27 verbose stack     at Request.emit (events.js:169:7)
27 verbose stack     at IncomingMessage.<anonymous> (C:\Users\19829\AppData\Local\.meteor\packages\meteor-tool\1.4.3_1\mt-os.windows.x86_32\dev_bundle\lib\node_modules\npm\node_modules\request\request.js:1001:12)
28 verbose statusCode 404
29 verbose pkgid b-crypt
30 verbose cwd C:\Users\19829\Documents\eternitywebsite
31 error Windows_NT 6.3.9600
32 error argv "C:\\Users\\19829\\AppData\\Local\\.meteor\\packages\\meteor-tool\\1.4.3_1\\mt-os.windows.x86_32\\dev_bundle\\bin\\node.exe" "C:\\Users\\19829\\AppData\\Local\\.meteor\\packages\\meteor-tool\\1.4.3_1\\mt-os.windows.x86_32\\dev_bundle\\lib\\node_modules\\npm\\bin\\npm-cli.js" "install" "--save" "b-crypt"
33 error node v4.7.3
34 error npm  v4.1.2
35 error code E404
36 error 404 Registry returned 404 for GET on https://registry.npmjs.org/b-crypt
37 error 404
38 error 404 'b-crypt' is not in the npm registry.
39 error 404 You should bug the author to publish it (or use the name yourself!)
40 error 404 Note that you can also install from a
41 error 404 tarball, folder, http url, or git url.
42 verbose exit [ 1, true ]
